\BOOKMARK [0][-]{chapter.1}{\376\377\0001\000\040\000I\000n\000d\000e\000k\000s\000\040\000p\000r\000z\000e\000s\000t\000r\000z\000e\000n\000i\000\040\000n\000a\000z\000w}{}% 1
\BOOKMARK [1][-]{section.1.1}{\376\377\0001\000.\0001\000\040\000L\000i\000s\000t\000a\000\040\000p\000r\000z\000e\000s\000t\000r\000z\000e\000n\000i\000\040\000n\000a\000z\000w}{chapter.1}% 2
\BOOKMARK [0][-]{chapter.2}{\376\377\0002\000\040\000I\000n\000d\000e\000k\000s\000\040\000h\000i\000e\000r\000a\000r\000c\000h\000i\000c\000z\000n\000y}{}% 3
\BOOKMARK [1][-]{section.2.1}{\376\377\0002\000.\0001\000\040\000H\000i\000e\000r\000a\000r\000c\000h\000i\000a\000\040\000k\000l\000a\000s}{chapter.2}% 4
\BOOKMARK [0][-]{chapter.3}{\376\377\0003\000\040\000I\000n\000d\000e\000k\000s\000\040\000k\000l\000a\000s}{}% 5
\BOOKMARK [1][-]{section.3.1}{\376\377\0003\000.\0001\000\040\000L\000i\000s\000t\000a\000\040\000k\000l\000a\000s}{chapter.3}% 6
\BOOKMARK [0][-]{chapter.4}{\376\377\0004\000\040\000I\000n\000d\000e\000k\000s\000\040\000p\000l\000i\000k\000\363\000w}{}% 7
\BOOKMARK [1][-]{section.4.1}{\376\377\0004\000.\0001\000\040\000L\000i\000s\000t\000a\000\040\000p\000l\000i\000k\000\363\000w}{chapter.4}% 8
\BOOKMARK [0][-]{chapter.5}{\376\377\0005\000\040\000D\000o\000k\000u\000m\000e\000n\000t\000a\000c\000j\000a\000\040\000p\000r\000z\000e\000s\000t\000r\000z\000e\000n\000i\000\040\000n\000a\000z\000w}{}% 9
\BOOKMARK [1][-]{section.5.1}{\376\377\0005\000.\0001\000\040\000D\000o\000k\000u\000m\000e\000n\000t\000a\000c\000j\000a\000\040\000p\000r\000z\000e\000s\000t\000r\000z\000e\000n\000i\000\040\000n\000a\000z\000w\000\040\000U\000i}{chapter.5}% 10
\BOOKMARK [0][-]{chapter.6}{\376\377\0006\000\040\000D\000o\000k\000u\000m\000e\000n\000t\000a\000c\000j\000a\000\040\000k\000l\000a\000s}{}% 11
\BOOKMARK [1][-]{section.6.1}{\376\377\0006\000.\0001\000\040\000D\000o\000k\000u\000m\000e\000n\000t\000a\000c\000j\000a\000\040\000k\000l\000a\000s\000y\000\040\000E\000r\000r\000o\000r\000H\000a\000n\000d\000l\000e\000r}{chapter.6}% 12
\BOOKMARK [2][-]{subsection.6.1.1}{\376\377\0006\000.\0001\000.\0001\000\040\000O\000p\000i\000s\000\040\000s\000z\000c\000z\000e\000g\000\363\001\102\000o\000w\000y}{section.6.1}% 13
\BOOKMARK [2][-]{subsection.6.1.2}{\376\377\0006\000.\0001\000.\0002\000\040\000D\000o\000k\000u\000m\000e\000n\000t\000a\000c\000j\000a\000\040\000s\000k\001\102\000a\000d\000o\000w\000y\000c\000h\000\040\000w\000y\000l\000i\000c\000z\000a\000n\000y\000c\000h}{section.6.1}% 14
\BOOKMARK [3][-]{subsubsection.6.1.2.1}{\376\377\0006\000.\0001\000.\0002\000.\0001\000\040\000E\000r\000r\000o\000r\000T\000y\000p\000e\000\137\000t}{subsection.6.1.2}% 15
\BOOKMARK [2][-]{subsection.6.1.3}{\376\377\0006\000.\0001\000.\0003\000\040\000D\000o\000k\000u\000m\000e\000n\000t\000a\000c\000j\000a\000\040\000k\000o\000n\000s\000t\000r\000u\000k\000t\000o\000r\000a\000\040\000i\000\040\000d\000e\000s\000t\000r\000u\000k\000t\000o\000r\000a}{section.6.1}% 16
\BOOKMARK [3][-]{subsubsection.6.1.3.1}{\376\377\0006\000.\0001\000.\0003\000.\0001\000\040\000E\000r\000r\000o\000r\000H\000a\000n\000d\000l\000e\000r\000\050\000\051}{subsection.6.1.3}% 17
\BOOKMARK [2][-]{subsection.6.1.4}{\376\377\0006\000.\0001\000.\0004\000\040\000D\000o\000k\000u\000m\000e\000n\000t\000a\000c\000j\000a\000\040\000f\000u\000n\000k\000c\000j\000i\000\040\000s\000k\001\102\000a\000d\000o\000w\000y\000c\000h}{section.6.1}% 18
\BOOKMARK [3][-]{subsubsection.6.1.4.1}{\376\377\0006\000.\0001\000.\0004\000.\0001\000\040\000E\000x\000c\000e\000p\000t\000i\000o\000n\000H\000a\000n\000d\000l\000e\000r\000\050\000\051}{subsection.6.1.4}% 19
\BOOKMARK [1][-]{section.6.2}{\376\377\0006\000.\0002\000\040\000D\000o\000k\000u\000m\000e\000n\000t\000a\000c\000j\000a\000\040\000k\000l\000a\000s\000y\000\040\000F\000i\000n\000g\000e\000r}{chapter.6}% 20
\BOOKMARK [2][-]{subsection.6.2.1}{\376\377\0006\000.\0002\000.\0001\000\040\000O\000p\000i\000s\000\040\000s\000z\000c\000z\000e\000g\000\363\001\102\000o\000w\000y}{section.6.2}% 21
\BOOKMARK [2][-]{subsection.6.2.2}{\376\377\0006\000.\0002\000.\0002\000\040\000D\000o\000k\000u\000m\000e\000n\000t\000a\000c\000j\000a\000\040\000s\000k\001\102\000a\000d\000o\000w\000y\000c\000h\000\040\000w\000y\000l\000i\000c\000z\000a\000n\000y\000c\000h}{section.6.2}% 22
\BOOKMARK [3][-]{subsubsection.6.2.2.1}{\376\377\0006\000.\0002\000.\0002\000.\0001\000\040\000F\000i\000n\000g\000e\000r\000T\000y\000p\000e\000\137\000t}{subsection.6.2.2}% 23
\BOOKMARK [2][-]{subsection.6.2.3}{\376\377\0006\000.\0002\000.\0003\000\040\000D\000o\000k\000u\000m\000e\000n\000t\000a\000c\000j\000a\000\040\000k\000o\000n\000s\000t\000r\000u\000k\000t\000o\000r\000a\000\040\000i\000\040\000d\000e\000s\000t\000r\000u\000k\000t\000o\000r\000a}{section.6.2}% 24
\BOOKMARK [3][-]{subsubsection.6.2.3.1}{\376\377\0006\000.\0002\000.\0003\000.\0001\000\040\000F\000i\000n\000g\000e\000r\000\050\000\051\000\040\000[\0001\000/\0002\000]}{subsection.6.2.3}% 25
\BOOKMARK [3][-]{subsubsection.6.2.3.2}{\376\377\0006\000.\0002\000.\0003\000.\0002\000\040\000F\000i\000n\000g\000e\000r\000\050\000\051\000\040\000[\0002\000/\0002\000]}{subsection.6.2.3}% 26
\BOOKMARK [2][-]{subsection.6.2.4}{\376\377\0006\000.\0002\000.\0004\000\040\000D\000o\000k\000u\000m\000e\000n\000t\000a\000c\000j\000a\000\040\000f\000u\000n\000k\000c\000j\000i\000\040\000s\000k\001\102\000a\000d\000o\000w\000y\000c\000h}{section.6.2}% 27
\BOOKMARK [3][-]{subsubsection.6.2.4.1}{\376\377\0006\000.\0002\000.\0004\000.\0001\000\040\000G\000e\000t\000F\000i\000n\000g\000e\000r\000t\000i\000p\000V\000a\000l\000u\000e\000\050\000\051}{subsection.6.2.4}% 28
\BOOKMARK [3][-]{subsubsection.6.2.4.2}{\376\377\0006\000.\0002\000.\0004\000.\0002\000\040\000o\000p\000e\000r\000a\000t\000o\000r\000=\000\050\000\051}{subsection.6.2.4}% 29
\BOOKMARK [3][-]{subsubsection.6.2.4.3}{\376\377\0006\000.\0002\000.\0004\000.\0003\000\040\000S\000e\000t\000F\000i\000n\000g\000e\000r\000t\000i\000p\000V\000a\000l\000u\000e\000\050\000\051}{subsection.6.2.4}% 30
\BOOKMARK [3][-]{subsubsection.6.2.4.4}{\376\377\0006\000.\0002\000.\0004\000.\0004\000\040\000T\000r\000a\000n\000s\000f\000o\000r\000m\000J\000o\000i\000n\000t\000A\000n\000g\000l\000e\000s\000\050\000\051}{subsection.6.2.4}% 31
\BOOKMARK [2][-]{subsection.6.2.5}{\376\377\0006\000.\0002\000.\0005\000\040\000D\000o\000k\000u\000m\000e\000n\000t\000a\000c\000j\000a\000\040\000a\000t\000r\000y\000b\000u\000t\000\363\000w\000\040\000s\000k\001\102\000a\000d\000o\000w\000y\000c\000h}{section.6.2}% 32
\BOOKMARK [3][-]{subsubsection.6.2.5.1}{\376\377\0006\000.\0002\000.\0005\000.\0001\000\040\000m\000\137\000f\000i\000n\000g\000e\000r\000t\000i\000p}{subsection.6.2.5}% 33
\BOOKMARK [3][-]{subsubsection.6.2.5.2}{\376\377\0006\000.\0002\000.\0005\000.\0002\000\040\000m\000\137\000f\000i\000n\000g\000e\000r\000T\000y\000p\000e}{subsection.6.2.5}% 34
\BOOKMARK [3][-]{subsubsection.6.2.5.3}{\376\377\0006\000.\0002\000.\0005\000.\0003\000\040\000m\000\137\000m\000a\000n\000i\000p\000u\000l\000a\000t\000o\000r}{subsection.6.2.5}% 35
\BOOKMARK [3][-]{subsubsection.6.2.5.4}{\376\377\0006\000.\0002\000.\0005\000.\0004\000\040\000m\000\137\000r\000o\000o\000t\000E\000n\000t\000i\000t\000y}{subsection.6.2.5}% 36
\BOOKMARK [1][-]{section.6.3}{\376\377\0006\000.\0003\000\040\000D\000o\000k\000u\000m\000e\000n\000t\000a\000c\000j\000a\000\040\000k\000l\000a\000s\000y\000\040\000F\000i\000n\000g\000e\000r\000t\000i\000p}{chapter.6}% 37
\BOOKMARK [2][-]{subsection.6.3.1}{\376\377\0006\000.\0003\000.\0001\000\040\000O\000p\000i\000s\000\040\000s\000z\000c\000z\000e\000g\000\363\001\102\000o\000w\000y}{section.6.3}% 38
\BOOKMARK [2][-]{subsection.6.3.2}{\376\377\0006\000.\0003\000.\0002\000\040\000D\000o\000k\000u\000m\000e\000n\000t\000a\000c\000j\000a\000\040\000k\000o\000n\000s\000t\000r\000u\000k\000t\000o\000r\000a\000\040\000i\000\040\000d\000e\000s\000t\000r\000u\000k\000t\000o\000r\000a}{section.6.3}% 39
\BOOKMARK [3][-]{subsubsection.6.3.2.1}{\376\377\0006\000.\0003\000.\0002\000.\0001\000\040\000F\000i\000n\000g\000e\000r\000t\000i\000p\000\050\000\051}{subsection.6.3.2}% 40
\BOOKMARK [2][-]{subsection.6.3.3}{\376\377\0006\000.\0003\000.\0003\000\040\000D\000o\000k\000u\000m\000e\000n\000t\000a\000c\000j\000a\000\040\000f\000u\000n\000k\000c\000j\000i\000\040\000s\000k\001\102\000a\000d\000o\000w\000y\000c\000h}{section.6.3}% 41
\BOOKMARK [3][-]{subsubsection.6.3.3.1}{\376\377\0006\000.\0003\000.\0003\000.\0001\000\040\000g\000e\000t\000F\000i\000n\000g\000e\000r\000t\000i\000p\000V\000a\000l\000u\000e\000\050\000\051}{subsection.6.3.3}% 42
\BOOKMARK [3][-]{subsubsection.6.3.3.2}{\376\377\0006\000.\0003\000.\0003\000.\0002\000\040\000s\000e\000t\000F\000i\000n\000g\000e\000r\000t\000i\000p\000V\000a\000l\000u\000e\000\050\000\051}{subsection.6.3.3}% 43
\BOOKMARK [3][-]{subsubsection.6.3.3.3}{\376\377\0006\000.\0003\000.\0003\000.\0003\000\040\000T\000r\000a\000n\000s\000f\000o\000r\000m\000F\000i\000n\000g\000e\000r\000t\000i\000p\000\050\000\051}{subsection.6.3.3}% 44
\BOOKMARK [2][-]{subsection.6.3.4}{\376\377\0006\000.\0003\000.\0004\000\040\000D\000o\000k\000u\000m\000e\000n\000t\000a\000c\000j\000a\000\040\000a\000t\000r\000y\000b\000u\000t\000\363\000w\000\040\000s\000k\001\102\000a\000d\000o\000w\000y\000c\000h}{section.6.3}% 45
\BOOKMARK [3][-]{subsubsection.6.3.4.1}{\376\377\0006\000.\0003\000.\0004\000.\0001\000\040\000m\000\137\000f\000i\000n\000g\000e\000r\000t\000i\000p\000V\000a\000l\000u\000e}{subsection.6.3.4}% 46
\BOOKMARK [3][-]{subsubsection.6.3.4.2}{\376\377\0006\000.\0003\000.\0004\000.\0002\000\040\000m\000\137\000r\000o\000o\000t\000E\000n\000t\000i\000t\000y}{subsection.6.3.4}% 47
\BOOKMARK [3][-]{subsubsection.6.3.4.3}{\376\377\0006\000.\0003\000.\0004\000.\0003\000\040\000m\000\137\000s\000p\000h\000e\000r\000e\000E\000n\000t\000i\000t\000y}{subsection.6.3.4}% 48
\BOOKMARK [3][-]{subsubsection.6.3.4.4}{\376\377\0006\000.\0003\000.\0004\000.\0004\000\040\000m\000\137\000s\000p\000h\000e\000r\000e\000M\000a\000t\000e\000r\000i\000a\000l}{subsection.6.3.4}% 49
\BOOKMARK [3][-]{subsubsection.6.3.4.5}{\376\377\0006\000.\0003\000.\0004\000.\0005\000\040\000m\000\137\000s\000p\000h\000e\000r\000e\000T\000r\000a\000n\000s\000f\000o\000r\000m}{subsection.6.3.4}% 50
\BOOKMARK [3][-]{subsubsection.6.3.4.6}{\376\377\0006\000.\0003\000.\0004\000.\0006\000\040\000m\000\137\000T\000r\000a\000n\000s\000f\000o\000r\000m\000M\000a\000t\000r\000i\000x}{subsection.6.3.4}% 51
\BOOKMARK [1][-]{section.6.4}{\376\377\0006\000.\0004\000\040\000D\000o\000k\000u\000m\000e\000n\000t\000a\000c\000j\000a\000\040\000k\000l\000a\000s\000y\000\040\000H\000a\000n\000d}{chapter.6}% 52
\BOOKMARK [2][-]{subsection.6.4.1}{\376\377\0006\000.\0004\000.\0001\000\040\000O\000p\000i\000s\000\040\000s\000z\000c\000z\000e\000g\000\363\001\102\000o\000w\000y}{section.6.4}% 53
\BOOKMARK [2][-]{subsection.6.4.2}{\376\377\0006\000.\0004\000.\0002\000\040\000D\000o\000k\000u\000m\000e\000n\000t\000a\000c\000j\000a\000\040\000k\000o\000n\000s\000t\000r\000u\000k\000t\000o\000r\000a\000\040\000i\000\040\000d\000e\000s\000t\000r\000u\000k\000t\000o\000r\000a}{section.6.4}% 54
\BOOKMARK [3][-]{subsubsection.6.4.2.1}{\376\377\0006\000.\0004\000.\0002\000.\0001\000\040\000H\000a\000n\000d\000\050\000\051}{subsection.6.4.2}% 55
\BOOKMARK [2][-]{subsection.6.4.3}{\376\377\0006\000.\0004\000.\0003\000\040\000D\000o\000k\000u\000m\000e\000n\000t\000a\000c\000j\000a\000\040\000f\000u\000n\000k\000c\000j\000i\000\040\000s\000k\001\102\000a\000d\000o\000w\000y\000c\000h}{section.6.4}% 56
\BOOKMARK [3][-]{subsubsection.6.4.3.1}{\376\377\0006\000.\0004\000.\0003\000.\0001\000\040\000G\000e\000t\000F\000i\000n\000g\000e\000r\000t\000i\000p\000V\000a\000l\000u\000e\000s\000\050\000\051}{subsection.6.4.3}% 57
\BOOKMARK [3][-]{subsubsection.6.4.3.2}{\376\377\0006\000.\0004\000.\0003\000.\0002\000\040\000S\000e\000t\000F\000i\000n\000g\000e\000r\000J\000o\000i\000n\000t\000s\000\050\000\051}{subsection.6.4.3}% 58
\BOOKMARK [3][-]{subsubsection.6.4.3.3}{\376\377\0006\000.\0004\000.\0003\000.\0003\000\040\000S\000e\000t\000F\000i\000n\000g\000e\000r\000t\000i\000p\000V\000a\000l\000u\000e\000s\000\050\000\051}{subsection.6.4.3}% 59
\BOOKMARK [2][-]{subsection.6.4.4}{\376\377\0006\000.\0004\000.\0004\000\040\000D\000o\000k\000u\000m\000e\000n\000t\000a\000c\000j\000a\000\040\000a\000t\000r\000y\000b\000u\000t\000\363\000w\000\040\000s\000k\001\102\000a\000d\000o\000w\000y\000c\000h}{section.6.4}% 60
\BOOKMARK [3][-]{subsubsection.6.4.4.1}{\376\377\0006\000.\0004\000.\0004\000.\0001\000\040\000m\000\137\000f\000i\000n\000g\000e\000r\000s}{subsection.6.4.4}% 61
\BOOKMARK [3][-]{subsubsection.6.4.4.2}{\376\377\0006\000.\0004\000.\0004\000.\0002\000\040\000m\000\137\000r\000o\000o\000t\000E\000n\000t\000i\000t\000y}{subsection.6.4.4}% 62
\BOOKMARK [1][-]{section.6.5}{\376\377\0006\000.\0005\000\040\000D\000o\000k\000u\000m\000e\000n\000t\000a\000c\000j\000a\000\040\000k\000l\000a\000s\000y\000\040\000I\000n\000p\000u\000t}{chapter.6}% 63
\BOOKMARK [2][-]{subsection.6.5.1}{\376\377\0006\000.\0005\000.\0001\000\040\000O\000p\000i\000s\000\040\000s\000z\000c\000z\000e\000g\000\363\001\102\000o\000w\000y}{section.6.5}% 64
\BOOKMARK [2][-]{subsection.6.5.2}{\376\377\0006\000.\0005\000.\0002\000\040\000D\000o\000k\000u\000m\000e\000n\000t\000a\000c\000j\000a\000\040\000s\000k\001\102\000a\000d\000o\000w\000y\000c\000h\000\040\000w\000y\000l\000i\000c\000z\000a\000n\000y\000c\000h}{section.6.5}% 65
\BOOKMARK [3][-]{subsubsection.6.5.2.1}{\376\377\0006\000.\0005\000.\0002\000.\0001\000\040\000C\000o\000n\000n\000e\000c\000t\000i\000o\000n\000T\000y\000p\000e\000\137\000t}{subsection.6.5.2}% 66
\BOOKMARK [2][-]{subsection.6.5.3}{\376\377\0006\000.\0005\000.\0003\000\040\000D\000o\000k\000u\000m\000e\000n\000t\000a\000c\000j\000a\000\040\000k\000o\000n\000s\000t\000r\000u\000k\000t\000o\000r\000a\000\040\000i\000\040\000d\000e\000s\000t\000r\000u\000k\000t\000o\000r\000a}{section.6.5}% 67
\BOOKMARK [3][-]{subsubsection.6.5.3.1}{\376\377\0006\000.\0005\000.\0003\000.\0001\000\040\000I\000n\000p\000u\000t\000\050\000\051}{subsection.6.5.3}% 68
\BOOKMARK [2][-]{subsection.6.5.4}{\376\377\0006\000.\0005\000.\0004\000\040\000D\000o\000k\000u\000m\000e\000n\000t\000a\000c\000j\000a\000\040\000f\000u\000n\000k\000c\000j\000i\000\040\000s\000k\001\102\000a\000d\000o\000w\000y\000c\000h}{section.6.5}% 69
\BOOKMARK [3][-]{subsubsection.6.5.4.1}{\376\377\0006\000.\0005\000.\0004\000.\0001\000\040\000C\000h\000a\000n\000g\000e\000C\000o\000n\000n\000e\000c\000t\000i\000o\000n\000T\000y\000p\000e\000\050\000\051}{subsection.6.5.4}% 70
\BOOKMARK [3][-]{subsubsection.6.5.4.2}{\376\377\0006\000.\0005\000.\0004\000.\0002\000\040\000C\000o\000n\000f\000i\000g\000u\000r\000e\000I\000n\000p\000u\000t\000\050\000\051}{subsection.6.5.4}% 71
\BOOKMARK [2][-]{subsection.6.5.5}{\376\377\0006\000.\0005\000.\0005\000\040\000D\000o\000k\000u\000m\000e\000n\000t\000a\000c\000j\000a\000\040\000a\000t\000r\000y\000b\000u\000t\000\363\000w\000\040\000s\000k\001\102\000a\000d\000o\000w\000y\000c\000h}{section.6.5}% 72
\BOOKMARK [3][-]{subsubsection.6.5.5.1}{\376\377\0006\000.\0005\000.\0005\000.\0001\000\040\000m\000\137\000A\000c\000c\000e\000l\000e\000r\000o\000m\000e\000t\000e\000r\000V\000a\000l\000u\000e\000s}{subsection.6.5.5}% 73
\BOOKMARK [3][-]{subsubsection.6.5.5.2}{\376\377\0006\000.\0005\000.\0005\000.\0002\000\040\000m\000\137\000C\000o\000n\000n\000e\000c\000t\000i\000o\000n\000T\000y\000p\000e}{subsection.6.5.5}% 74
\BOOKMARK [3][-]{subsubsection.6.5.5.3}{\376\377\0006\000.\0005\000.\0005\000.\0003\000\040\000m\000\137\000J\000o\000i\000n\000t\000A\000n\000g\000l\000e\000s}{subsection.6.5.5}% 75
\BOOKMARK [3][-]{subsubsection.6.5.5.4}{\376\377\0006\000.\0005\000.\0005\000.\0004\000\040\000m\000\137\000T\000e\000n\000s\000i\000o\000n\000S\000e\000n\000s\000o\000r\000V\000a\000l\000u\000e\000s}{subsection.6.5.5}% 76
\BOOKMARK [1][-]{section.6.6}{\376\377\0006\000.\0006\000\040\000D\000o\000k\000u\000m\000e\000n\000t\000a\000c\000j\000a\000\040\000k\000l\000a\000s\000y\000\040\000J\000o\000i\000n\000t}{chapter.6}% 77
\BOOKMARK [2][-]{subsection.6.6.1}{\376\377\0006\000.\0006\000.\0001\000\040\000O\000p\000i\000s\000\040\000s\000z\000c\000z\000e\000g\000\363\001\102\000o\000w\000y}{section.6.6}% 78
\BOOKMARK [2][-]{subsection.6.6.2}{\376\377\0006\000.\0006\000.\0002\000\040\000D\000o\000k\000u\000m\000e\000n\000t\000a\000c\000j\000a\000\040\000k\000o\000n\000s\000t\000r\000u\000k\000t\000o\000r\000a\000\040\000i\000\040\000d\000e\000s\000t\000r\000u\000k\000t\000o\000r\000a}{section.6.6}% 79
\BOOKMARK [3][-]{subsubsection.6.6.2.1}{\376\377\0006\000.\0006\000.\0002\000.\0001\000\040\000J\000o\000i\000n\000t\000\050\000\051\000\040\000[\0001\000/\0002\000]}{subsection.6.6.2}% 80
\BOOKMARK [3][-]{subsubsection.6.6.2.2}{\376\377\0006\000.\0006\000.\0002\000.\0002\000\040\000J\000o\000i\000n\000t\000\050\000\051\000\040\000[\0002\000/\0002\000]}{subsection.6.6.2}% 81
\BOOKMARK [2][-]{subsection.6.6.3}{\376\377\0006\000.\0006\000.\0003\000\040\000D\000o\000k\000u\000m\000e\000n\000t\000a\000c\000j\000a\000\040\000f\000u\000n\000k\000c\000j\000i\000\040\000s\000k\001\102\000a\000d\000o\000w\000y\000c\000h}{section.6.6}% 82
\BOOKMARK [3][-]{subsubsection.6.6.3.1}{\376\377\0006\000.\0006\000.\0003\000.\0001\000\040\000a\000n\000g\000l\000e\000\050\000\051}{subsection.6.6.3}% 83
\BOOKMARK [3][-]{subsubsection.6.6.3.2}{\376\377\0006\000.\0006\000.\0003\000.\0002\000\040\000l\000e\000n\000g\000t\000h\000\050\000\051}{subsection.6.6.3}% 84
\BOOKMARK [3][-]{subsubsection.6.6.3.3}{\376\377\0006\000.\0006\000.\0003\000.\0003\000\040\000o\000p\000e\000r\000a\000t\000o\000r\000=\000\050\000\051}{subsection.6.6.3}% 85
\BOOKMARK [3][-]{subsubsection.6.6.3.4}{\376\377\0006\000.\0006\000.\0003\000.\0004\000\040\000T\000r\000a\000n\000s\000f\000o\000r\000m\000A\000n\000g\000l\000e\000\050\000\051}{subsection.6.6.3}% 86
\BOOKMARK [3][-]{subsubsection.6.6.3.5}{\376\377\0006\000.\0006\000.\0003\000.\0005\000\040\000T\000r\000a\000n\000s\000f\000o\000r\000m\000M\000a\000t\000r\000i\000x\000\050\000\051}{subsection.6.6.3}% 87
\BOOKMARK [2][-]{subsection.6.6.4}{\376\377\0006\000.\0006\000.\0004\000\040\000D\000o\000k\000u\000m\000e\000n\000t\000a\000c\000j\000a\000\040\000a\000t\000r\000y\000b\000u\000t\000\363\000w\000\040\000s\000k\001\102\000a\000d\000o\000w\000y\000c\000h}{section.6.6}% 88
\BOOKMARK [3][-]{subsubsection.6.6.4.1}{\376\377\0006\000.\0006\000.\0004\000.\0001\000\040\000m\000\137\000a\000n\000g\000l\000e}{subsection.6.6.4}% 89
\BOOKMARK [3][-]{subsubsection.6.6.4.2}{\376\377\0006\000.\0006\000.\0004\000.\0002\000\040\000m\000\137\000C\000y\000l\000i\000n\000d\000e\000r\000E\000n\000t\000i\000t\000y}{subsection.6.6.4}% 90
\BOOKMARK [3][-]{subsubsection.6.6.4.3}{\376\377\0006\000.\0006\000.\0004\000.\0003\000\040\000m\000\137\000C\000y\000l\000i\000n\000d\000e\000r\000T\000r\000a\000n\000s\000f\000o\000r\000m}{subsection.6.6.4}% 91
\BOOKMARK [3][-]{subsubsection.6.6.4.4}{\376\377\0006\000.\0006\000.\0004\000.\0004\000\040\000m\000\137\000l\000e\000n\000g\000t\000h}{subsection.6.6.4}% 92
\BOOKMARK [3][-]{subsubsection.6.6.4.5}{\376\377\0006\000.\0006\000.\0004\000.\0005\000\040\000m\000\137\000p\000o\000s\000i\000t\000i\000o\000n}{subsection.6.6.4}% 93
\BOOKMARK [3][-]{subsubsection.6.6.4.6}{\376\377\0006\000.\0006\000.\0004\000.\0006\000\040\000m\000\137\000r\000a\000d\000i\000u\000s}{subsection.6.6.4}% 94
\BOOKMARK [3][-]{subsubsection.6.6.4.7}{\376\377\0006\000.\0006\000.\0004\000.\0007\000\040\000m\000\137\000r\000o\000o\000t\000E\000n\000t\000i\000t\000y}{subsection.6.6.4}% 95
\BOOKMARK [3][-]{subsubsection.6.6.4.8}{\376\377\0006\000.\0006\000.\0004\000.\0008\000\040\000m\000\137\000r\000o\000t\000a\000t\000i\000o\000n}{subsection.6.6.4}% 96
\BOOKMARK [3][-]{subsubsection.6.6.4.9}{\376\377\0006\000.\0006\000.\0004\000.\0009\000\040\000m\000\137\000t\000i\000l\000t}{subsection.6.6.4}% 97
\BOOKMARK [3][-]{subsubsection.6.6.4.10}{\376\377\0006\000.\0006\000.\0004\000.\0001\0000\000\040\000m\000\137\000T\000r\000a\000n\000s\000f\000o\000r\000m\000M\000a\000t\000r\000i\000x}{subsection.6.6.4}% 98
\BOOKMARK [1][-]{section.6.7}{\376\377\0006\000.\0007\000\040\000D\000o\000k\000u\000m\000e\000n\000t\000a\000c\000j\000a\000\040\000k\000l\000a\000s\000y\000\040\000M\000a\000i\000n\000W\000i\000n\000d\000o\000w}{chapter.6}% 99
\BOOKMARK [2][-]{subsection.6.7.1}{\376\377\0006\000.\0007\000.\0001\000\040\000O\000p\000i\000s\000\040\000s\000z\000c\000z\000e\000g\000\363\001\102\000o\000w\000y}{section.6.7}% 100
\BOOKMARK [2][-]{subsection.6.7.2}{\376\377\0006\000.\0007\000.\0002\000\040\000D\000o\000k\000u\000m\000e\000n\000t\000a\000c\000j\000a\000\040\000k\000o\000n\000s\000t\000r\000u\000k\000t\000o\000r\000a\000\040\000i\000\040\000d\000e\000s\000t\000r\000u\000k\000t\000o\000r\000a}{section.6.7}% 101
\BOOKMARK [3][-]{subsubsection.6.7.2.1}{\376\377\0006\000.\0007\000.\0002\000.\0001\000\040\000M\000a\000i\000n\000W\000i\000n\000d\000o\000w\000\050\000\051}{subsection.6.7.2}% 102
\BOOKMARK [3][-]{subsubsection.6.7.2.2}{\376\377\0006\000.\0007\000.\0002\000.\0002\000\040\000\040\000M\000a\000i\000n\000W\000i\000n\000d\000o\000w\000\050\000\051}{subsection.6.7.2}% 103
\BOOKMARK [2][-]{subsection.6.7.3}{\376\377\0006\000.\0007\000.\0003\000\040\000D\000o\000k\000u\000m\000e\000n\000t\000a\000c\000j\000a\000\040\000f\000u\000n\000k\000c\000j\000i\000\040\000s\000k\001\102\000a\000d\000o\000w\000y\000c\000h}{section.6.7}% 104
\BOOKMARK [3][-]{subsubsection.6.7.3.1}{\376\377\0006\000.\0007\000.\0003\000.\0001\000\040\000A\000d\000d\000W\000i\000d\000g\000e\000t\000T\000o\000G\000l\000o\000v\000e\0003\000D\000L\000a\000y\000o\000u\000t\000\050\000\051}{subsection.6.7.3}% 105
\BOOKMARK [3][-]{subsubsection.6.7.3.2}{\376\377\0006\000.\0007\000.\0003\000.\0002\000\040\000I\000n\000i\000t\000I\000n\000p\000u\000t\000D\000a\000t\000a\000\050\000\051}{subsection.6.7.3}% 106
\BOOKMARK [3][-]{subsubsection.6.7.3.3}{\376\377\0006\000.\0007\000.\0003\000.\0003\000\040\000o\000n\000\137\000C\000a\000m\000e\000r\000a\000O\000r\000i\000e\000n\000t\000a\000t\000i\000o\000n\000L\000i\000n\000e\000E\000d\000i\000t\000\137\000e\000d\000i\000t\000i\000n\000g\000F\000i\000n\000i\000s\000h\000e\000d}{subsection.6.7.3}% 107
\BOOKMARK [3][-]{subsubsection.6.7.3.4}{\376\377\0006\000.\0007\000.\0003\000.\0004\000\040\000o\000n\000\137\000C\000a\000m\000e\000r\000a\000O\000r\000i\000e\000n\000t\000a\000t\000i\000o\000n\000L\000i\000n\000e\000E\000d\000i\000t\000\137\000t\000e\000x\000t\000E\000d\000i\000t\000e\000d}{subsection.6.7.3}% 108
\BOOKMARK [3][-]{subsubsection.6.7.3.5}{\376\377\0006\000.\0007\000.\0003\000.\0005\000\040\000o\000n\000\137\000C\000a\000m\000e\000r\000a\000O\000r\000i\000e\000n\000t\000a\000t\000i\000o\000n\000S\000l\000i\000d\000e\000r\000\137\000v\000a\000l\000u\000e\000C\000h\000a\000n\000g\000e\000d}{subsection.6.7.3}% 109
\BOOKMARK [3][-]{subsubsection.6.7.3.6}{\376\377\0006\000.\0007\000.\0003\000.\0006\000\040\000o\000n\000\137\000G\000l\000o\000v\000e\000Z\000o\000o\000m\000L\000i\000n\000e\000E\000d\000i\000t\000\137\000e\000d\000i\000t\000i\000n\000g\000F\000i\000n\000i\000s\000h\000e\000d}{subsection.6.7.3}% 110
\BOOKMARK [3][-]{subsubsection.6.7.3.7}{\376\377\0006\000.\0007\000.\0003\000.\0007\000\040\000o\000n\000\137\000G\000l\000o\000v\000e\000Z\000o\000o\000m\000L\000i\000n\000e\000E\000d\000i\000t\000\137\000t\000e\000x\000t\000E\000d\000i\000t\000e\000d}{subsection.6.7.3}% 111
\BOOKMARK [3][-]{subsubsection.6.7.3.8}{\376\377\0006\000.\0007\000.\0003\000.\0008\000\040\000o\000n\000\137\000G\000l\000o\000v\000e\000Z\000o\000o\000m\000S\000l\000i\000d\000e\000r\000\137\000v\000a\000l\000u\000e\000C\000h\000a\000n\000g\000e\000d}{subsection.6.7.3}% 112
\BOOKMARK [3][-]{subsubsection.6.7.3.9}{\376\377\0006\000.\0007\000.\0003\000.\0009\000\040\000o\000n\000\137\000S\000t\000a\000r\000t\000S\000t\000o\000p\000B\000u\000t\000t\000o\000n\000\137\000c\000l\000i\000c\000k\000e\000d}{subsection.6.7.3}% 113
\BOOKMARK [2][-]{subsection.6.7.4}{\376\377\0006\000.\0007\000.\0004\000\040\000D\000o\000k\000u\000m\000e\000n\000t\000a\000c\000j\000a\000\040\000a\000t\000r\000y\000b\000u\000t\000\363\000w\000\040\000s\000k\001\102\000a\000d\000o\000w\000y\000c\000h}{section.6.7}% 114
\BOOKMARK [3][-]{subsubsection.6.7.4.1}{\376\377\0006\000.\0007\000.\0004\000.\0001\000\040\000I\000n\000p\000u\000t\000D\000a\000t\000a}{subsection.6.7.4}% 115
\BOOKMARK [3][-]{subsubsection.6.7.4.2}{\376\377\0006\000.\0007\000.\0004\000.\0002\000\040\000u\000i}{subsection.6.7.4}% 116
\BOOKMARK [1][-]{section.6.8}{\376\377\0006\000.\0008\000\040\000D\000o\000k\000u\000m\000e\000n\000t\000a\000c\000j\000a\000\040\000k\000l\000a\000s\000y\000\040\000M\000a\000n\000i\000p\000u\000l\000a\000t\000o\000r\000R\000o\000t\000a\000t\000i\000o\000n\000a\000l}{chapter.6}% 117
\BOOKMARK [2][-]{subsection.6.8.1}{\376\377\0006\000.\0008\000.\0001\000\040\000O\000p\000i\000s\000\040\000s\000z\000c\000z\000e\000g\000\363\001\102\000o\000w\000y}{section.6.8}% 118
\BOOKMARK [2][-]{subsection.6.8.2}{\376\377\0006\000.\0008\000.\0002\000\040\000D\000o\000k\000u\000m\000e\000n\000t\000a\000c\000j\000a\000\040\000k\000o\000n\000s\000t\000r\000u\000k\000t\000o\000r\000a\000\040\000i\000\040\000d\000e\000s\000t\000r\000u\000k\000t\000o\000r\000a}{section.6.8}% 119
\BOOKMARK [3][-]{subsubsection.6.8.2.1}{\376\377\0006\000.\0008\000.\0002\000.\0001\000\040\000M\000a\000n\000i\000p\000u\000l\000a\000t\000o\000r\000R\000o\000t\000a\000t\000i\000o\000n\000a\000l\000\050\000\051\000\040\000[\0001\000/\0002\000]}{subsection.6.8.2}% 120
\BOOKMARK [3][-]{subsubsection.6.8.2.2}{\376\377\0006\000.\0008\000.\0002\000.\0002\000\040\000M\000a\000n\000i\000p\000u\000l\000a\000t\000o\000r\000R\000o\000t\000a\000t\000i\000o\000n\000a\000l\000\050\000\051\000\040\000[\0002\000/\0002\000]}{subsection.6.8.2}% 121
\BOOKMARK [2][-]{subsection.6.8.3}{\376\377\0006\000.\0008\000.\0003\000\040\000D\000o\000k\000u\000m\000e\000n\000t\000a\000c\000j\000a\000\040\000f\000u\000n\000k\000c\000j\000i\000\040\000s\000k\001\102\000a\000d\000o\000w\000y\000c\000h}{section.6.8}% 122
\BOOKMARK [3][-]{subsubsection.6.8.3.1}{\376\377\0006\000.\0008\000.\0003\000.\0001\000\040\000g\000e\000t\000L\000a\000s\000t\000J\000o\000i\000n\000t\000\050\000\051}{subsection.6.8.3}% 123
\BOOKMARK [3][-]{subsubsection.6.8.3.2}{\376\377\0006\000.\0008\000.\0003\000.\0002\000\040\000T\000r\000a\000n\000s\000f\000o\000r\000m\000J\000o\000i\000n\000t\000A\000n\000g\000l\000e\000s\000\050\000\051}{subsection.6.8.3}% 124
\BOOKMARK [2][-]{subsection.6.8.4}{\376\377\0006\000.\0008\000.\0004\000\040\000D\000o\000k\000u\000m\000e\000n\000t\000a\000c\000j\000a\000\040\000a\000t\000r\000y\000b\000u\000t\000\363\000w\000\040\000s\000k\001\102\000a\000d\000o\000w\000y\000c\000h}{section.6.8}% 125
\BOOKMARK [3][-]{subsubsection.6.8.4.1}{\376\377\0006\000.\0008\000.\0004\000.\0001\000\040\000m\000\137\000j\000o\000i\000n\000t\000s}{subsection.6.8.4}% 126
\BOOKMARK [3][-]{subsubsection.6.8.4.2}{\376\377\0006\000.\0008\000.\0004\000.\0002\000\040\000m\000\137\000p\000o\000s\000i\000t\000i\000o\000n}{subsection.6.8.4}% 127
\BOOKMARK [3][-]{subsubsection.6.8.4.3}{\376\377\0006\000.\0008\000.\0004\000.\0003\000\040\000m\000\137\000r\000o\000o\000t\000E\000n\000t\000i\000t\000y}{subsection.6.8.4}% 128
\BOOKMARK [3][-]{subsubsection.6.8.4.4}{\376\377\0006\000.\0008\000.\0004\000.\0004\000\040\000m\000\137\000r\000o\000t\000a\000t\000i\000o\000n}{subsection.6.8.4}% 129
\BOOKMARK [1][-]{section.6.9}{\376\377\0006\000.\0009\000\040\000D\000o\000k\000u\000m\000e\000n\000t\000a\000c\000j\000a\000\040\000k\000l\000a\000s\000y\000\040\000S\000c\000e\000n\000e}{chapter.6}% 130
\BOOKMARK [2][-]{subsection.6.9.1}{\376\377\0006\000.\0009\000.\0001\000\040\000O\000p\000i\000s\000\040\000s\000z\000c\000z\000e\000g\000\363\001\102\000o\000w\000y}{section.6.9}% 131
\BOOKMARK [2][-]{subsection.6.9.2}{\376\377\0006\000.\0009\000.\0002\000\040\000D\000o\000k\000u\000m\000e\000n\000t\000a\000c\000j\000a\000\040\000k\000o\000n\000s\000t\000r\000u\000k\000t\000o\000r\000a\000\040\000i\000\040\000d\000e\000s\000t\000r\000u\000k\000t\000o\000r\000a}{section.6.9}% 132
\BOOKMARK [3][-]{subsubsection.6.9.2.1}{\376\377\0006\000.\0009\000.\0002\000.\0001\000\040\000S\000c\000e\000n\000e\000\050\000\051}{subsection.6.9.2}% 133
\BOOKMARK [3][-]{subsubsection.6.9.2.2}{\376\377\0006\000.\0009\000.\0002\000.\0002\000\040\000\040\000S\000c\000e\000n\000e\000\050\000\051}{subsection.6.9.2}% 134
\BOOKMARK [2][-]{subsection.6.9.3}{\376\377\0006\000.\0009\000.\0003\000\040\000D\000o\000k\000u\000m\000e\000n\000t\000a\000c\000j\000a\000\040\000f\000u\000n\000k\000c\000j\000i\000\040\000s\000k\001\102\000a\000d\000o\000w\000y\000c\000h}{section.6.9}% 135
\BOOKMARK [3][-]{subsubsection.6.9.3.1}{\376\377\0006\000.\0009\000.\0003\000.\0001\000\040\000S\000e\000t\000H\000a\000n\000d\000F\000i\000n\000g\000e\000r\000t\000i\000p\000V\000a\000l\000u\000e\000s\000\050\000\051}{subsection.6.9.3}% 136
\BOOKMARK [3][-]{subsubsection.6.9.3.2}{\376\377\0006\000.\0009\000.\0003\000.\0002\000\040\000S\000e\000t\000H\000a\000n\000d\000T\000r\000a\000n\000s\000f\000o\000r\000m\000a\000t\000i\000o\000n\000\050\000\051}{subsection.6.9.3}% 137
\BOOKMARK [2][-]{subsection.6.9.4}{\376\377\0006\000.\0009\000.\0004\000\040\000D\000o\000k\000u\000m\000e\000n\000t\000a\000c\000j\000a\000\040\000a\000t\000r\000y\000b\000u\000t\000\363\000w\000\040\000s\000k\001\102\000a\000d\000o\000w\000y\000c\000h}{section.6.9}% 138
\BOOKMARK [3][-]{subsubsection.6.9.4.1}{\376\377\0006\000.\0009\000.\0004\000.\0001\000\040\000c\000a\000m\000C\000o\000n\000t\000r\000o\000l\000l\000e\000r}{subsection.6.9.4}% 139
\BOOKMARK [3][-]{subsubsection.6.9.4.2}{\376\377\0006\000.\0009\000.\0004\000.\0002\000\040\000c\000a\000m\000e\000r\000a\000E\000n\000t\000i\000t\000y}{subsection.6.9.4}% 140
\BOOKMARK [3][-]{subsubsection.6.9.4.3}{\376\377\0006\000.\0009\000.\0004\000.\0003\000\040\000c\000o\000n\000t\000a\000i\000n\000e\000r}{subsection.6.9.4}% 141
\BOOKMARK [3][-]{subsubsection.6.9.4.4}{\376\377\0006\000.\0009\000.\0004\000.\0004\000\040\000h\000L\000a\000y\000o\000u\000t}{subsection.6.9.4}% 142
\BOOKMARK [3][-]{subsubsection.6.9.4.5}{\376\377\0006\000.\0009\000.\0004\000.\0005\000\040\000i\000n\000p\000u\000t}{subsection.6.9.4}% 143
\BOOKMARK [3][-]{subsubsection.6.9.4.6}{\376\377\0006\000.\0009\000.\0004\000.\0006\000\040\000l\000i\000g\000h\000t}{subsection.6.9.4}% 144
\BOOKMARK [3][-]{subsubsection.6.9.4.7}{\376\377\0006\000.\0009\000.\0004\000.\0007\000\040\000l\000i\000g\000h\000t\0002}{subsection.6.9.4}% 145
\BOOKMARK [3][-]{subsubsection.6.9.4.8}{\376\377\0006\000.\0009\000.\0004\000.\0008\000\040\000l\000i\000g\000h\000t\000E\000n\000t\000i\000t\000y}{subsection.6.9.4}% 146
\BOOKMARK [3][-]{subsubsection.6.9.4.9}{\376\377\0006\000.\0009\000.\0004\000.\0009\000\040\000l\000i\000g\000h\000t\000E\000n\000t\000i\000t\000y\0002}{subsection.6.9.4}% 147
\BOOKMARK [3][-]{subsubsection.6.9.4.10}{\376\377\0006\000.\0009\000.\0004\000.\0001\0000\000\040\000l\000i\000g\000h\000t\000T\000r\000a\000n\000s\000f\000o\000r\000m}{subsection.6.9.4}% 148
\BOOKMARK [3][-]{subsubsection.6.9.4.11}{\376\377\0006\000.\0009\000.\0004\000.\0001\0001\000\040\000l\000i\000g\000h\000t\000T\000r\000a\000n\000s\000f\000o\000r\000m\0002}{subsection.6.9.4}% 149
\BOOKMARK [3][-]{subsubsection.6.9.4.12}{\376\377\0006\000.\0009\000.\0004\000.\0001\0002\000\040\000m\000\137\000H\000a\000n\000d\0003\000D\000M\000o\000d\000e\000l}{subsection.6.9.4}% 150
\BOOKMARK [3][-]{subsubsection.6.9.4.13}{\376\377\0006\000.\0009\000.\0004\000.\0001\0003\000\040\000m\000\137\000r\000o\000o\000t\000E\000n\000t\000i\000t\000y}{subsection.6.9.4}% 151
\BOOKMARK [3][-]{subsubsection.6.9.4.14}{\376\377\0006\000.\0009\000.\0004\000.\0001\0004\000\040\000s\000c\000r\000e\000e\000n\000S\000i\000z\000e}{subsection.6.9.4}% 152
\BOOKMARK [3][-]{subsubsection.6.9.4.15}{\376\377\0006\000.\0009\000.\0004\000.\0001\0005\000\040\000v\000i\000e\000w}{subsection.6.9.4}% 153
\BOOKMARK [3][-]{subsubsection.6.9.4.16}{\376\377\0006\000.\0009\000.\0004\000.\0001\0006\000\040\000v\000L\000a\000y\000o\000u\000t}{subsection.6.9.4}% 154
\BOOKMARK [3][-]{subsubsection.6.9.4.17}{\376\377\0006\000.\0009\000.\0004\000.\0001\0007\000\040\000w\000i\000d\000g\000e\000t}{subsection.6.9.4}% 155
\BOOKMARK [0][-]{chapter.7}{\376\377\0007\000\040\000D\000o\000k\000u\000m\000e\000n\000t\000a\000c\000j\000a\000\040\000p\000l\000i\000k\000\363\000w}{}% 156
\BOOKMARK [1][-]{section.7.1}{\376\377\0007\000.\0001\000\040\000D\000o\000k\000u\000m\000e\000n\000t\000a\000c\000j\000a\000\040\000p\000l\000i\000k\000u\000\040\000a\000r\000r\000a\000y\000.\000c\000p\000p}{chapter.7}% 157
\BOOKMARK [1][-]{section.7.2}{\376\377\0007\000.\0002\000\040\000D\000o\000k\000u\000m\000e\000n\000t\000a\000c\000j\000a\000\040\000p\000l\000i\000k\000u\000\040\000e\000r\000r\000o\000r\000h\000a\000n\000d\000l\000e\000r\000.\000c\000p\000p}{chapter.7}% 158
\BOOKMARK [1][-]{section.7.3}{\376\377\0007\000.\0003\000\040\000D\000o\000k\000u\000m\000e\000n\000t\000a\000c\000j\000a\000\040\000p\000l\000i\000k\000u\000\040\000e\000r\000r\000o\000r\000h\000a\000n\000d\000l\000e\000r\000.\000h}{chapter.7}% 159
\BOOKMARK [2][-]{subsection.7.3.1}{\376\377\0007\000.\0003\000.\0001\000\040\000O\000p\000i\000s\000\040\000s\000z\000c\000z\000e\000g\000\363\001\102\000o\000w\000y}{section.7.3}% 160
\BOOKMARK [1][-]{section.7.4}{\376\377\0007\000.\0004\000\040\000D\000o\000k\000u\000m\000e\000n\000t\000a\000c\000j\000a\000\040\000p\000l\000i\000k\000u\000\040\000f\000i\000n\000g\000e\000r\000.\000c\000p\000p}{chapter.7}% 161
\BOOKMARK [1][-]{section.7.5}{\376\377\0007\000.\0005\000\040\000D\000o\000k\000u\000m\000e\000n\000t\000a\000c\000j\000a\000\040\000p\000l\000i\000k\000u\000\040\000f\000i\000n\000g\000e\000r\000.\000h}{chapter.7}% 162
\BOOKMARK [2][-]{subsection.7.5.1}{\376\377\0007\000.\0005\000.\0001\000\040\000O\000p\000i\000s\000\040\000s\000z\000c\000z\000e\000g\000\363\001\102\000o\000w\000y}{section.7.5}% 163
\BOOKMARK [2][-]{subsection.7.5.2}{\376\377\0007\000.\0005\000.\0002\000\040\000D\000o\000k\000u\000m\000e\000n\000t\000a\000c\000j\000a\000\040\000d\000e\000f\000i\000n\000i\000c\000j\000i}{section.7.5}% 164
\BOOKMARK [3][-]{subsubsection.7.5.2.1}{\376\377\0007\000.\0005\000.\0002\000.\0001\000\040\000F\000I\000N\000G\000E\000R\000\137\000J\000O\000I\000N\000T\000S\000\137\000C\000O\000U\000N\000T}{subsection.7.5.2}% 165
\BOOKMARK [3][-]{subsubsection.7.5.2.2}{\376\377\0007\000.\0005\000.\0002\000.\0002\000\040\000F\000I\000N\000G\000E\000R\000\137\000R\000A\000D\000I\000U\000S}{subsection.7.5.2}% 166
\BOOKMARK [3][-]{subsubsection.7.5.2.3}{\376\377\0007\000.\0005\000.\0002\000.\0003\000\040\000I\000N\000D\000E\000X\000\137\000F\000I\000N\000G\000E\000R\000\137\000J\000O\000I\000N\000T\0000\000\137\000L\000E\000N\000G\000T\000H}{subsection.7.5.2}% 167
\BOOKMARK [3][-]{subsubsection.7.5.2.4}{\376\377\0007\000.\0005\000.\0002\000.\0004\000\040\000I\000N\000D\000E\000X\000\137\000F\000I\000N\000G\000E\000R\000\137\000J\000O\000I\000N\000T\0001\000\137\000L\000E\000N\000G\000T\000H}{subsection.7.5.2}% 168
\BOOKMARK [3][-]{subsubsection.7.5.2.5}{\376\377\0007\000.\0005\000.\0002\000.\0005\000\040\000I\000N\000D\000E\000X\000\137\000F\000I\000N\000G\000E\000R\000\137\000J\000O\000I\000N\000T\0002\000\137\000L\000E\000N\000G\000T\000H}{subsection.7.5.2}% 169
\BOOKMARK [3][-]{subsubsection.7.5.2.6}{\376\377\0007\000.\0005\000.\0002\000.\0006\000\040\000I\000N\000D\000E\000X\000\137\000F\000I\000N\000G\000E\000R\000\137\000J\000O\000I\000N\000T\0003\000\137\000L\000E\000N\000G\000T\000H}{subsection.7.5.2}% 170
\BOOKMARK [3][-]{subsubsection.7.5.2.7}{\376\377\0007\000.\0005\000.\0002\000.\0007\000\040\000I\000N\000D\000E\000X\000\137\000J\000O\000I\000N\000T\000\137\000C\000O\000U\000N\000T}{subsection.7.5.2}% 171
\BOOKMARK [3][-]{subsubsection.7.5.2.8}{\376\377\0007\000.\0005\000.\0002\000.\0008\000\040\000M\000I\000D\000D\000L\000E\000\137\000F\000I\000N\000G\000E\000R\000\137\000J\000O\000I\000N\000T\0000\000\137\000L\000E\000N\000G\000T\000H}{subsection.7.5.2}% 172
\BOOKMARK [3][-]{subsubsection.7.5.2.9}{\376\377\0007\000.\0005\000.\0002\000.\0009\000\040\000M\000I\000D\000D\000L\000E\000\137\000F\000I\000N\000G\000E\000R\000\137\000J\000O\000I\000N\000T\0001\000\137\000L\000E\000N\000G\000T\000H}{subsection.7.5.2}% 173
\BOOKMARK [3][-]{subsubsection.7.5.2.10}{\376\377\0007\000.\0005\000.\0002\000.\0001\0000\000\040\000M\000I\000D\000D\000L\000E\000\137\000F\000I\000N\000G\000E\000R\000\137\000J\000O\000I\000N\000T\0002\000\137\000L\000E\000N\000G\000T\000H}{subsection.7.5.2}% 174
\BOOKMARK [3][-]{subsubsection.7.5.2.11}{\376\377\0007\000.\0005\000.\0002\000.\0001\0001\000\040\000M\000I\000D\000D\000L\000E\000\137\000F\000I\000N\000G\000E\000R\000\137\000J\000O\000I\000N\000T\0003\000\137\000L\000E\000N\000G\000T\000H}{subsection.7.5.2}% 175
\BOOKMARK [3][-]{subsubsection.7.5.2.12}{\376\377\0007\000.\0005\000.\0002\000.\0001\0002\000\040\000M\000I\000D\000D\000L\000E\000\137\000J\000O\000I\000N\000T\000\137\000C\000O\000U\000N\000T}{subsection.7.5.2}% 176
\BOOKMARK [3][-]{subsubsection.7.5.2.13}{\376\377\0007\000.\0005\000.\0002\000.\0001\0003\000\040\000P\000I\000N\000K\000Y\000\137\000J\000O\000I\000N\000T\0000\000\137\000L\000E\000N\000G\000T\000H}{subsection.7.5.2}% 177
\BOOKMARK [3][-]{subsubsection.7.5.2.14}{\376\377\0007\000.\0005\000.\0002\000.\0001\0004\000\040\000P\000I\000N\000K\000Y\000\137\000J\000O\000I\000N\000T\0001\000\137\000L\000E\000N\000G\000T\000H}{subsection.7.5.2}% 178
\BOOKMARK [3][-]{subsubsection.7.5.2.15}{\376\377\0007\000.\0005\000.\0002\000.\0001\0005\000\040\000P\000I\000N\000K\000Y\000\137\000J\000O\000I\000N\000T\0002\000\137\000L\000E\000N\000G\000T\000H}{subsection.7.5.2}% 179
\BOOKMARK [3][-]{subsubsection.7.5.2.16}{\376\377\0007\000.\0005\000.\0002\000.\0001\0006\000\040\000P\000I\000N\000K\000Y\000\137\000J\000O\000I\000N\000T\0003\000\137\000L\000E\000N\000G\000T\000H}{subsection.7.5.2}% 180
\BOOKMARK [3][-]{subsubsection.7.5.2.17}{\376\377\0007\000.\0005\000.\0002\000.\0001\0007\000\040\000P\000I\000N\000K\000Y\000\137\000J\000O\000I\000N\000T\000\137\000C\000O\000U\000N\000T}{subsection.7.5.2}% 181
\BOOKMARK [3][-]{subsubsection.7.5.2.18}{\376\377\0007\000.\0005\000.\0002\000.\0001\0008\000\040\000R\000I\000N\000G\000\137\000F\000I\000N\000G\000E\000R\000\137\000J\000O\000I\000N\000T\0000\000\137\000L\000E\000N\000G\000T\000H}{subsection.7.5.2}% 182
\BOOKMARK [3][-]{subsubsection.7.5.2.19}{\376\377\0007\000.\0005\000.\0002\000.\0001\0009\000\040\000R\000I\000N\000G\000\137\000F\000I\000N\000G\000E\000R\000\137\000J\000O\000I\000N\000T\0001\000\137\000L\000E\000N\000G\000T\000H}{subsection.7.5.2}% 183
\BOOKMARK [3][-]{subsubsection.7.5.2.20}{\376\377\0007\000.\0005\000.\0002\000.\0002\0000\000\040\000R\000I\000N\000G\000\137\000F\000I\000N\000G\000E\000R\000\137\000J\000O\000I\000N\000T\0002\000\137\000L\000E\000N\000G\000T\000H}{subsection.7.5.2}% 184
\BOOKMARK [3][-]{subsubsection.7.5.2.21}{\376\377\0007\000.\0005\000.\0002\000.\0002\0001\000\040\000R\000I\000N\000G\000\137\000F\000I\000N\000G\000E\000R\000\137\000J\000O\000I\000N\000T\0003\000\137\000L\000E\000N\000G\000T\000H}{subsection.7.5.2}% 185
\BOOKMARK [3][-]{subsubsection.7.5.2.22}{\376\377\0007\000.\0005\000.\0002\000.\0002\0002\000\040\000R\000I\000N\000G\000\137\000J\000O\000I\000N\000T\000\137\000C\000O\000U\000N\000T}{subsection.7.5.2}% 186
\BOOKMARK [3][-]{subsubsection.7.5.2.23}{\376\377\0007\000.\0005\000.\0002\000.\0002\0003\000\040\000T\000H\000U\000M\000B\000\137\000J\000O\000I\000N\000T\0000\000\137\000L\000E\000N\000G\000T\000H}{subsection.7.5.2}% 187
\BOOKMARK [3][-]{subsubsection.7.5.2.24}{\376\377\0007\000.\0005\000.\0002\000.\0002\0004\000\040\000T\000H\000U\000M\000B\000\137\000J\000O\000I\000N\000T\0001\000\137\000L\000E\000N\000G\000T\000H}{subsection.7.5.2}% 188
\BOOKMARK [3][-]{subsubsection.7.5.2.25}{\376\377\0007\000.\0005\000.\0002\000.\0002\0005\000\040\000T\000H\000U\000M\000B\000\137\000J\000O\000I\000N\000T\0002\000\137\000L\000E\000N\000G\000T\000H}{subsection.7.5.2}% 189
\BOOKMARK [3][-]{subsubsection.7.5.2.26}{\376\377\0007\000.\0005\000.\0002\000.\0002\0006\000\040\000T\000H\000U\000M\000B\000\137\000J\000O\000I\000N\000T\000\137\000C\000O\000U\000N\000T}{subsection.7.5.2}% 190
\BOOKMARK [1][-]{section.7.6}{\376\377\0007\000.\0006\000\040\000D\000o\000k\000u\000m\000e\000n\000t\000a\000c\000j\000a\000\040\000p\000l\000i\000k\000u\000\040\000f\000i\000n\000g\000e\000r\000t\000i\000p\000.\000c\000p\000p}{chapter.7}% 191
\BOOKMARK [1][-]{section.7.7}{\376\377\0007\000.\0007\000\040\000D\000o\000k\000u\000m\000e\000n\000t\000a\000c\000j\000a\000\040\000p\000l\000i\000k\000u\000\040\000f\000i\000n\000g\000e\000r\000t\000i\000p\000.\000h}{chapter.7}% 192
\BOOKMARK [2][-]{subsection.7.7.1}{\376\377\0007\000.\0007\000.\0001\000\040\000O\000p\000i\000s\000\040\000s\000z\000c\000z\000e\000g\000\363\001\102\000o\000w\000y}{section.7.7}% 193
\BOOKMARK [2][-]{subsection.7.7.2}{\376\377\0007\000.\0007\000.\0002\000\040\000D\000o\000k\000u\000m\000e\000n\000t\000a\000c\000j\000a\000\040\000d\000e\000f\000i\000n\000i\000c\000j\000i}{section.7.7}% 194
\BOOKMARK [3][-]{subsubsection.7.7.2.1}{\376\377\0007\000.\0007\000.\0002\000.\0001\000\040\000S\000P\000H\000E\000R\000E\000\137\000R\000A\000D\000I\000U\000S}{subsection.7.7.2}% 195
\BOOKMARK [3][-]{subsubsection.7.7.2.2}{\376\377\0007\000.\0007\000.\0002\000.\0002\000\040\000S\000P\000H\000E\000R\000E\000\137\000R\000I\000N\000G\000S\000\137\000C\000O\000U\000N\000T}{subsection.7.7.2}% 196
\BOOKMARK [3][-]{subsubsection.7.7.2.3}{\376\377\0007\000.\0007\000.\0002\000.\0003\000\040\000S\000P\000H\000E\000R\000E\000\137\000S\000C\000A\000L\000E}{subsection.7.7.2}% 197
\BOOKMARK [3][-]{subsubsection.7.7.2.4}{\376\377\0007\000.\0007\000.\0002\000.\0004\000\040\000S\000P\000H\000E\000R\000E\000\137\000S\000L\000I\000C\000E\000S\000\137\000C\000O\000U\000N\000T}{subsection.7.7.2}% 198
\BOOKMARK [1][-]{section.7.8}{\376\377\0007\000.\0008\000\040\000D\000o\000k\000u\000m\000e\000n\000t\000a\000c\000j\000a\000\040\000p\000l\000i\000k\000u\000\040\000h\000a\000n\000d\000.\000c\000p\000p}{chapter.7}% 199
\BOOKMARK [1][-]{section.7.9}{\376\377\0007\000.\0009\000\040\000D\000o\000k\000u\000m\000e\000n\000t\000a\000c\000j\000a\000\040\000p\000l\000i\000k\000u\000\040\000h\000a\000n\000d\000.\000h}{chapter.7}% 200
\BOOKMARK [2][-]{subsection.7.9.1}{\376\377\0007\000.\0009\000.\0001\000\040\000O\000p\000i\000s\000\040\000s\000z\000c\000z\000e\000g\000\363\001\102\000o\000w\000y}{section.7.9}% 201
\BOOKMARK [2][-]{subsection.7.9.2}{\376\377\0007\000.\0009\000.\0002\000\040\000D\000o\000k\000u\000m\000e\000n\000t\000a\000c\000j\000a\000\040\000d\000e\000f\000i\000n\000i\000c\000j\000i}{section.7.9}% 202
\BOOKMARK [3][-]{subsubsection.7.9.2.1}{\376\377\0007\000.\0009\000.\0002\000.\0001\000\040\000F\000I\000N\000G\000E\000R\000\137\000C\000O\000U\000N\000T}{subsection.7.9.2}% 203
\BOOKMARK [3][-]{subsubsection.7.9.2.2}{\376\377\0007\000.\0009\000.\0002\000.\0002\000\040\000I\000N\000D\000E\000X\000\137\000F\000I\000N\000G\000E\000R\000\137\000O\000F\000F\000S\000E\000T}{subsection.7.9.2}% 204
\BOOKMARK [3][-]{subsubsection.7.9.2.3}{\376\377\0007\000.\0009\000.\0002\000.\0003\000\040\000I\000N\000D\000E\000X\000\137\000F\000I\000N\000G\000E\000R\000\137\000R\000O\000T\000A\000T\000I\000O\000N}{subsection.7.9.2}% 205
\BOOKMARK [3][-]{subsubsection.7.9.2.4}{\376\377\0007\000.\0009\000.\0002\000.\0004\000\040\000M\000I\000D\000D\000L\000E\000\137\000F\000I\000N\000G\000E\000R\000\137\000O\000F\000F\000S\000E\000T}{subsection.7.9.2}% 206
\BOOKMARK [3][-]{subsubsection.7.9.2.5}{\376\377\0007\000.\0009\000.\0002\000.\0005\000\040\000M\000I\000D\000D\000L\000E\000\137\000F\000I\000N\000G\000E\000R\000\137\000R\000O\000T\000A\000T\000I\000O\000N}{subsection.7.9.2}% 207
\BOOKMARK [3][-]{subsubsection.7.9.2.6}{\376\377\0007\000.\0009\000.\0002\000.\0006\000\040\000P\000I\000N\000K\000Y\000\137\000F\000I\000N\000G\000E\000R\000\137\000O\000F\000F\000S\000E\000T}{subsection.7.9.2}% 208
\BOOKMARK [3][-]{subsubsection.7.9.2.7}{\376\377\0007\000.\0009\000.\0002\000.\0007\000\040\000P\000I\000N\000K\000Y\000\137\000F\000I\000N\000G\000E\000R\000\137\000R\000O\000T\000A\000T\000I\000O\000N}{subsection.7.9.2}% 209
\BOOKMARK [3][-]{subsubsection.7.9.2.8}{\376\377\0007\000.\0009\000.\0002\000.\0008\000\040\000R\000I\000N\000G\000\137\000F\000I\000N\000G\000E\000R\000\137\000O\000F\000F\000S\000E\000T}{subsection.7.9.2}% 210
\BOOKMARK [3][-]{subsubsection.7.9.2.9}{\376\377\0007\000.\0009\000.\0002\000.\0009\000\040\000R\000I\000N\000G\000\137\000F\000I\000N\000G\000E\000R\000\137\000R\000O\000T\000A\000T\000I\000O\000N}{subsection.7.9.2}% 211
\BOOKMARK [3][-]{subsubsection.7.9.2.10}{\376\377\0007\000.\0009\000.\0002\000.\0001\0000\000\040\000T\000H\000U\000M\000B\000\137\000F\000I\000N\000G\000E\000R\000\137\000O\000F\000F\000S\000E\000T}{subsection.7.9.2}% 212
\BOOKMARK [3][-]{subsubsection.7.9.2.11}{\376\377\0007\000.\0009\000.\0002\000.\0001\0001\000\040\000T\000H\000U\000M\000B\000\137\000F\000I\000N\000G\000E\000R\000\137\000R\000O\000T\000A\000T\000I\000O\000N}{subsection.7.9.2}% 213
\BOOKMARK [1][-]{section.7.10}{\376\377\0007\000.\0001\0000\000\040\000D\000o\000k\000u\000m\000e\000n\000t\000a\000c\000j\000a\000\040\000p\000l\000i\000k\000u\000\040\000i\000n\000c\000l\000u\000d\000e\000s\000.\000h}{chapter.7}% 214
\BOOKMARK [2][-]{subsection.7.10.1}{\376\377\0007\000.\0001\0000\000.\0001\000\040\000O\000p\000i\000s\000\040\000s\000z\000c\000z\000e\000g\000\363\001\102\000o\000w\000y}{section.7.10}% 215
\BOOKMARK [1][-]{section.7.11}{\376\377\0007\000.\0001\0001\000\040\000D\000o\000k\000u\000m\000e\000n\000t\000a\000c\000j\000a\000\040\000p\000l\000i\000k\000u\000\040\000i\000n\000p\000u\000t\000.\000c\000p\000p}{chapter.7}% 216
\BOOKMARK [1][-]{section.7.12}{\376\377\0007\000.\0001\0002\000\040\000D\000o\000k\000u\000m\000e\000n\000t\000a\000c\000j\000a\000\040\000p\000l\000i\000k\000u\000\040\000i\000n\000p\000u\000t\000.\000h}{chapter.7}% 217
\BOOKMARK [2][-]{subsection.7.12.1}{\376\377\0007\000.\0001\0002\000.\0001\000\040\000O\000p\000i\000s\000\040\000s\000z\000c\000z\000e\000g\000\363\001\102\000o\000w\000y}{section.7.12}% 218
\BOOKMARK [1][-]{section.7.13}{\376\377\0007\000.\0001\0003\000\040\000D\000o\000k\000u\000m\000e\000n\000t\000a\000c\000j\000a\000\040\000p\000l\000i\000k\000u\000\040\000j\000o\000i\000n\000t\000.\000c\000p\000p}{chapter.7}% 219
\BOOKMARK [1][-]{section.7.14}{\376\377\0007\000.\0001\0004\000\040\000D\000o\000k\000u\000m\000e\000n\000t\000a\000c\000j\000a\000\040\000p\000l\000i\000k\000u\000\040\000j\000o\000i\000n\000t\000.\000h}{chapter.7}% 220
\BOOKMARK [2][-]{subsection.7.14.1}{\376\377\0007\000.\0001\0004\000.\0001\000\040\000O\000p\000i\000s\000\040\000s\000z\000c\000z\000e\000g\000\363\001\102\000o\000w\000y}{section.7.14}% 221
\BOOKMARK [2][-]{subsection.7.14.2}{\376\377\0007\000.\0001\0004\000.\0002\000\040\000D\000o\000k\000u\000m\000e\000n\000t\000a\000c\000j\000a\000\040\000d\000e\000f\000i\000n\000i\000c\000j\000i}{section.7.14}% 222
\BOOKMARK [3][-]{subsubsection.7.14.2.1}{\376\377\0007\000.\0001\0004\000.\0002\000.\0001\000\040\000C\000Y\000L\000I\000N\000D\000E\000R\000\137\000R\000I\000N\000G\000S\000\137\000C\000O\000U\000N\000T}{subsection.7.14.2}% 223
\BOOKMARK [3][-]{subsubsection.7.14.2.2}{\376\377\0007\000.\0001\0004\000.\0002\000.\0002\000\040\000C\000Y\000L\000I\000N\000D\000E\000R\000\137\000S\000L\000I\000C\000E\000S\000\137\000C\000O\000U\000N\000T}{subsection.7.14.2}% 224
\BOOKMARK [1][-]{section.7.15}{\376\377\0007\000.\0001\0005\000\040\000D\000o\000k\000u\000m\000e\000n\000t\000a\000c\000j\000a\000\040\000p\000l\000i\000k\000u\000\040\000m\000a\000i\000n\000.\000c\000p\000p}{chapter.7}% 225
\BOOKMARK [2][-]{subsection.7.15.1}{\376\377\0007\000.\0001\0005\000.\0001\000\040\000D\000o\000k\000u\000m\000e\000n\000t\000a\000c\000j\000a\000\040\000f\000u\000n\000k\000c\000j\000i}{section.7.15}% 226
\BOOKMARK [3][-]{subsubsection.7.15.1.1}{\376\377\0007\000.\0001\0005\000.\0001\000.\0001\000\040\000m\000a\000i\000n\000\050\000\051}{subsection.7.15.1}% 227
\BOOKMARK [1][-]{section.7.16}{\376\377\0007\000.\0001\0006\000\040\000D\000o\000k\000u\000m\000e\000n\000t\000a\000c\000j\000a\000\040\000p\000l\000i\000k\000u\000\040\000m\000a\000i\000n\000w\000i\000n\000d\000o\000w\000.\000c\000p\000p}{chapter.7}% 228
\BOOKMARK [1][-]{section.7.17}{\376\377\0007\000.\0001\0007\000\040\000D\000o\000k\000u\000m\000e\000n\000t\000a\000c\000j\000a\000\040\000p\000l\000i\000k\000u\000\040\000m\000a\000i\000n\000w\000i\000n\000d\000o\000w\000.\000h}{chapter.7}% 229
\BOOKMARK [2][-]{subsection.7.17.1}{\376\377\0007\000.\0001\0007\000.\0001\000\040\000O\000p\000i\000s\000\040\000s\000z\000c\000z\000e\000g\000\363\001\102\000o\000w\000y}{section.7.17}% 230
\BOOKMARK [1][-]{section.7.18}{\376\377\0007\000.\0001\0008\000\040\000D\000o\000k\000u\000m\000e\000n\000t\000a\000c\000j\000a\000\040\000p\000l\000i\000k\000u\000\040\000m\000a\000n\000i\000p\000u\000l\000a\000t\000o\000r\000r\000o\000t\000a\000t\000i\000o\000n\000a\000l\000.\000c\000p\000p}{chapter.7}% 231
\BOOKMARK [1][-]{section.7.19}{\376\377\0007\000.\0001\0009\000\040\000D\000o\000k\000u\000m\000e\000n\000t\000a\000c\000j\000a\000\040\000p\000l\000i\000k\000u\000\040\000m\000a\000n\000i\000p\000u\000l\000a\000t\000o\000r\000r\000o\000t\000a\000t\000i\000o\000n\000a\000l\000.\000h}{chapter.7}% 232
\BOOKMARK [2][-]{subsection.7.19.1}{\376\377\0007\000.\0001\0009\000.\0001\000\040\000O\000p\000i\000s\000\040\000s\000z\000c\000z\000e\000g\000\363\001\102\000o\000w\000y}{section.7.19}% 233
\BOOKMARK [1][-]{section.7.20}{\376\377\0007\000.\0002\0000\000\040\000D\000o\000k\000u\000m\000e\000n\000t\000a\000c\000j\000a\000\040\000p\000l\000i\000k\000u\000\040\000s\000c\000e\000n\000e\000.\000c\000p\000p}{chapter.7}% 234
\BOOKMARK [1][-]{section.7.21}{\376\377\0007\000.\0002\0001\000\040\000D\000o\000k\000u\000m\000e\000n\000t\000a\000c\000j\000a\000\040\000p\000l\000i\000k\000u\000\040\000s\000c\000e\000n\000e\000.\000h}{chapter.7}% 235
\BOOKMARK [2][-]{subsection.7.21.1}{\376\377\0007\000.\0002\0001\000.\0001\000\040\000O\000p\000i\000s\000\040\000s\000z\000c\000z\000e\000g\000\363\001\102\000o\000w\000y}{section.7.21}% 236
